build/app/intermediates/manifest_merge_blame_file/debug/manifest-merger-blame-debug-report.txt
1<?xml version="1.0" encoding="utf-8"?>
2<manifest xmlns:android="http://schemas.android.com/apk/res/android"
3    package="com.habusu.habus"
4    android:versionCode="1"
5    android:versionName="1.0.0" >
6
7    <uses-sdk
8        android:minSdkVersion="21"
9        android:targetSdkVersion="33" />
10    <!--
11         Flutter needs it to communicate with the running application
12         to allow setting breakpoints, to provide hot reload, etc.
13    -->
14    <uses-permission android:name="android.permission.INTERNET" />
14-->src\main\AndroidManifest.xml:4:5-66
14-->src\main\AndroidManifest.xml:4:22-64
15
16    <application
16-->src\main\AndroidManifest.xml:7:5-61:19
17        android:appComponentFactory="androidx.core.app.CoreComponentFactory"
17-->[androidx.core:core:1.6.0] AndroidManifest.xml:24:18-86
18        android:debuggable="true"
19        android:icon="@mipmap/ic_launcher"
19-->src\main\AndroidManifest.xml:10:9-43
20        android:label="ХАБУС"
20-->src\main\AndroidManifest.xml:8:9-30
21        android:requestLegacyExternalStorage="true" >
21-->src\main\AndroidManifest.xml:11:9-52
22        <activity
22-->src\main\AndroidManifest.xml:13:9-51:20
23            android:name="com.habusu.habus.MainActivity"
23-->src\main\AndroidManifest.xml:14:13-41
24            android:configChanges="orientation|keyboardHidden|keyboard|screenSize|smallestScreenSize|locale|layoutDirection|fontScale|screenLayout|density|uiMode"
24-->src\main\AndroidManifest.xml:18:13-163
25            android:exported="true"
25-->src\main\AndroidManifest.xml:15:13-36
26            android:hardwareAccelerated="true"
26-->src\main\AndroidManifest.xml:19:13-47
27            android:launchMode="singleTop"
27-->src\main\AndroidManifest.xml:16:13-43
28            android:theme="@style/LaunchTheme"
28-->src\main\AndroidManifest.xml:17:13-47
29            android:windowSoftInputMode="adjustResize" >
29-->src\main\AndroidManifest.xml:20:13-55
30
31            <!--
32                 Specifies an Android theme to apply to this Activity as soon as
33                 the Android process has started. This theme is visible to the user
34                 while the Flutter UI initializes. After that, this theme continues
35                 to determine the Window background behind the Flutter UI.
36            -->
37            <meta-data
37-->src\main\AndroidManifest.xml:25:13-28:17
38                android:name="io.flutter.embedding.android.NormalTheme"
38-->src\main\AndroidManifest.xml:26:15-70
39                android:resource="@style/NormalTheme" />
39-->src\main\AndroidManifest.xml:27:15-52
40            <!--
41                 Displays an Android View that continues showing the launch screen
42                 Drawable until Flutter paints its first frame, then this splash
43                 screen fades out. A splash screen is useful to avoid any visual
44                 gap between the end of Android's launch screen and the painting of
45                 Flutter's first frame.
46            -->
47            <meta-data
47-->src\main\AndroidManifest.xml:34:13-37:17
48                android:name="io.flutter.embedding.android.SplashScreenDrawable"
48-->src\main\AndroidManifest.xml:35:15-79
49                android:resource="@drawable/launch_background" />
49-->src\main\AndroidManifest.xml:36:15-61
50
51            <intent-filter>
51-->src\main\AndroidManifest.xml:38:13-41:29
52                <action android:name="android.intent.action.MAIN" />
52-->src\main\AndroidManifest.xml:39:17-68
52-->src\main\AndroidManifest.xml:39:25-66
53
54                <category android:name="android.intent.category.LAUNCHER" />
54-->src\main\AndroidManifest.xml:40:17-76
54-->src\main\AndroidManifest.xml:40:27-74
55            </intent-filter>
56            <!-- Deep linking -->
57            <meta-data
57-->src\main\AndroidManifest.xml:43:13-90
58                android:name="flutter_deeplinking_enabled"
58-->src\main\AndroidManifest.xml:43:24-66
59                android:value="true" />
59-->src\main\AndroidManifest.xml:43:67-87
60
61            <intent-filter android:autoVerify="true" >
61-->src\main\AndroidManifest.xml:44:13-49:29
61-->src\main\AndroidManifest.xml:44:28-53
62                <action android:name="android.intent.action.VIEW" />
62-->src\main\AndroidManifest.xml:45:17-69
62-->src\main\AndroidManifest.xml:45:25-66
63
64                <category android:name="android.intent.category.DEFAULT" />
64-->src\main\AndroidManifest.xml:46:17-76
64-->src\main\AndroidManifest.xml:46:27-73
65                <category android:name="android.intent.category.BROWSABLE" />
65-->src\main\AndroidManifest.xml:47:17-78
65-->src\main\AndroidManifest.xml:47:27-75
66
67                <data
67-->src\main\AndroidManifest.xml:48:17-73
68                    android:host="habus.com"
68-->src\main\AndroidManifest.xml:48:46-70
69                    android:scheme="habus" />
69-->src\main\AndroidManifest.xml:48:23-45
70            </intent-filter>
71        </activity>
72
73        <!--
74             Don't delete the meta-data below.
75             This is used by the Flutter tool to generate GeneratedPluginRegistrant.java
76        -->
77        <meta-data
77-->src\main\AndroidManifest.xml:55:9-57:33
78            android:name="flutterEmbedding"
78-->src\main\AndroidManifest.xml:56:13-44
79            android:value="2" />
79-->src\main\AndroidManifest.xml:57:13-30
80
81        <activity
81-->[:url_launcher_android] AndroidManifest.xml:10:9-13:74
82            android:name="io.flutter.plugins.urllauncher.WebViewActivity"
82-->[:url_launcher_android] AndroidManifest.xml:11:13-74
83            android:exported="false"
83-->[:url_launcher_android] AndroidManifest.xml:12:13-37
84            android:theme="@android:style/Theme.NoTitleBar.Fullscreen" />
84-->[:url_launcher_android] AndroidManifest.xml:13:13-71
85
86        <uses-library
86-->[androidx.window:window:1.0.0-beta04] AndroidManifest.xml:25:9-27:40
87            android:name="androidx.window.extensions"
87-->[androidx.window:window:1.0.0-beta04] AndroidManifest.xml:26:13-54
88            android:required="false" />
88-->[androidx.window:window:1.0.0-beta04] AndroidManifest.xml:27:13-37
89        <uses-library
89-->[androidx.window:window:1.0.0-beta04] AndroidManifest.xml:28:9-30:40
90            android:name="androidx.window.sidecar"
90-->[androidx.window:window:1.0.0-beta04] AndroidManifest.xml:29:13-51
91            android:required="false" />
91-->[androidx.window:window:1.0.0-beta04] AndroidManifest.xml:30:13-37
92    </application>
93
94</manifest>